[debug] [2018-04-03T09:07:59.599Z] ----------------------------------------------------------------------
[debug] [2018-04-03T09:07:59.599Z] Command:       C:\Program Files\nodejs\node.exe C:\Users\nishit_sardessai\AppData\Roaming\npm\node_modules\firebase-tools\bin\firebase login
[debug] [2018-04-03T09:07:59.599Z] CLI Version:   3.17.7
[debug] [2018-04-03T09:07:59.599Z] Platform:      win32
[debug] [2018-04-03T09:07:59.599Z] Node Version:  v8.10.0
[debug] [2018-04-03T09:07:59.599Z] Time:          Tue Apr 03 2018 14:37:59 GMT+0530 (India Standard Time)
[debug] [2018-04-03T09:07:59.599Z] ----------------------------------------------------------------------
[debug] 
[info] 
[info] Visit this URL on any device to log in:
[info] https://accounts.google.com/o/oauth2/auth?client_id=563584335869-fgrhgmd47bqnekij5i8b5pr03ho849e6.apps.googleusercontent.com&scope=email%20openid%20https%3A%2F%2Fwww.googleapis.com%2Fauth%2Fcloudplatformprojects.readonly%20https%3A%2F%2Fwww.googleapis.com%2Fauth%2Ffirebase%20https%3A%2F%2Fwww.googleapis.com%2Fauth%2Fcloud-platform&response_type=code&state=882058505&redirect_uri=http%3A%2F%2Flocalhost%3A9005
[info] 
[info] Waiting for authentication...
[debug] [2018-04-03T09:08:23.901Z] >>> HTTP REQUEST POST https://accounts.google.com/o/oauth2/token  
 { code: '4/AABER559eduMbmYCrmr-IfX5mjKqc8UPPKMybomrVG4bEvnpFgc3WPIx35uxvYyUcjCMa5bhJ0eIpwPcZ0uvuL0',
  client_id: '563584335869-fgrhgmd47bqnekij5i8b5pr03ho849e6.apps.googleusercontent.com',
  client_secret: 'j9iVZfS8kkCEFUPaAeJV0sAi',
  redirect_uri: 'http://localhost:9005',
  grant_type: 'authorization_code' } 
 Tue Apr 03 2018 14:38:23 GMT+0530 (India Standard Time)
[debug] [2018-04-03T09:08:24.932Z] Token Fetch Error: Error
    at new FirebaseError (C:\Users\nishit_sardessai\AppData\Roaming\npm\node_modules\firebase-tools\lib\error.js:11:17)
    at Request._callback (C:\Users\nishit_sardessai\AppData\Roaming\npm\node_modules\firebase-tools\lib\api.js:34:23)
    at self.callback (C:\Users\nishit_sardessai\AppData\Roaming\npm\node_modules\firebase-tools\node_modules\request\request.js:186:22)
    at emitOne (events.js:116:13)
    at Request.emit (events.js:211:7)
    at Request.onRequestError (C:\Users\nishit_sardessai\AppData\Roaming\npm\node_modules\firebase-tools\node_modules\request\request.js:878:8)
    at emitOne (events.js:116:13)
    at ClientRequest.emit (events.js:211:7)
    at TLSSocket.socketErrorListener (_http_client.js:387:9)
    at emitOne (events.js:116:13)
[debug] [2018-04-03T09:08:39.563Z] ----------------------------------------------------------------------
[debug] [2018-04-03T09:08:39.579Z] Command:       C:\Program Files\nodejs\node.exe C:\Users\nishit_sardessai\AppData\Roaming\npm\node_modules\firebase-tools\bin\firebase login
[debug] [2018-04-03T09:08:39.579Z] CLI Version:   3.17.7
[debug] [2018-04-03T09:08:39.579Z] Platform:      win32
[debug] [2018-04-03T09:08:39.579Z] Node Version:  v8.10.0
[debug] [2018-04-03T09:08:39.579Z] Time:          Tue Apr 03 2018 14:38:39 GMT+0530 (India Standard Time)
[debug] [2018-04-03T09:08:39.579Z] ----------------------------------------------------------------------
[debug] 
[info] 
[info] Visit this URL on any device to log in:
[info] https://accounts.google.com/o/oauth2/auth?client_id=563584335869-fgrhgmd47bqnekij5i8b5pr03ho849e6.apps.googleusercontent.com&scope=email%20openid%20https%3A%2F%2Fwww.googleapis.com%2Fauth%2Fcloudplatformprojects.readonly%20https%3A%2F%2Fwww.googleapis.com%2Fauth%2Ffirebase%20https%3A%2F%2Fwww.googleapis.com%2Fauth%2Fcloud-platform&response_type=code&state=585807651&redirect_uri=http%3A%2F%2Flocalhost%3A9005
[info] 
[info] Waiting for authentication...
[debug] [2018-04-03T09:08:47.939Z] >>> HTTP REQUEST POST https://accounts.google.com/o/oauth2/token  
 { code: '4/AADKMBHjKgmsuxeXnQt0gye7s0IaOq1r5crZeT6_-CFDnUQETzNJJ0QFKKT90v7IA4lHtmY1YXi-rXv9IXf3AwY',
  client_id: '563584335869-fgrhgmd47bqnekij5i8b5pr03ho849e6.apps.googleusercontent.com',
  client_secret: 'j9iVZfS8kkCEFUPaAeJV0sAi',
  redirect_uri: 'http://localhost:9005',
  grant_type: 'authorization_code' } 
 Tue Apr 03 2018 14:38:47 GMT+0530 (India Standard Time)
[debug] [2018-04-03T09:08:48.953Z] Token Fetch Error: Error
    at new FirebaseError (C:\Users\nishit_sardessai\AppData\Roaming\npm\node_modules\firebase-tools\lib\error.js:11:17)
    at Request._callback (C:\Users\nishit_sardessai\AppData\Roaming\npm\node_modules\firebase-tools\lib\api.js:34:23)
    at self.callback (C:\Users\nishit_sardessai\AppData\Roaming\npm\node_modules\firebase-tools\node_modules\request\request.js:186:22)
    at emitOne (events.js:116:13)
    at Request.emit (events.js:211:7)
    at Request.onRequestError (C:\Users\nishit_sardessai\AppData\Roaming\npm\node_modules\firebase-tools\node_modules\request\request.js:878:8)
    at emitOne (events.js:116:13)
    at ClientRequest.emit (events.js:211:7)
    at TLSSocket.socketErrorListener (_http_client.js:387:9)
    at emitOne (events.js:116:13)
[debug] [2018-04-03T09:13:35.246Z] ----------------------------------------------------------------------
[debug] [2018-04-03T09:13:35.248Z] Command:       C:\Program Files\nodejs\node.exe C:\Users\nishit_sardessai\AppData\Roaming\npm\node_modules\firebase-tools\bin\firebase login
[debug] [2018-04-03T09:13:35.248Z] CLI Version:   3.17.7
[debug] [2018-04-03T09:13:35.248Z] Platform:      win32
[debug] [2018-04-03T09:13:35.248Z] Node Version:  v8.10.0
[debug] [2018-04-03T09:13:35.250Z] Time:          Tue Apr 03 2018 14:43:35 GMT+0530 (India Standard Time)
[debug] [2018-04-03T09:13:35.250Z] ----------------------------------------------------------------------
[debug] 
[info] 
[info] Visit this URL on any device to log in:
[info] https://accounts.google.com/o/oauth2/auth?client_id=563584335869-fgrhgmd47bqnekij5i8b5pr03ho849e6.apps.googleusercontent.com&scope=email%20openid%20https%3A%2F%2Fwww.googleapis.com%2Fauth%2Fcloudplatformprojects.readonly%20https%3A%2F%2Fwww.googleapis.com%2Fauth%2Ffirebase%20https%3A%2F%2Fwww.googleapis.com%2Fauth%2Fcloud-platform&response_type=code&state=556593938&redirect_uri=http%3A%2F%2Flocalhost%3A9005
[info] 
[info] Waiting for authentication...
[debug] [2018-04-03T09:14:57.229Z] >>> HTTP REQUEST POST https://accounts.google.com/o/oauth2/token  
 { code: '4/AADYzMFjhM31dFZ0Uxd7ba-ewaExVEkMiJ4Wa4gGSBhQuQNyzsIoNtcmZpgClNxwP51igjsKkCZvk-PfvWRj8Ag',
  client_id: '563584335869-fgrhgmd47bqnekij5i8b5pr03ho849e6.apps.googleusercontent.com',
  client_secret: 'j9iVZfS8kkCEFUPaAeJV0sAi',
  redirect_uri: 'http://localhost:9005',
  grant_type: 'authorization_code' } 
 Tue Apr 03 2018 14:44:57 GMT+0530 (India Standard Time)
[debug] [2018-04-03T09:14:58.243Z] Token Fetch Error: Error
    at new FirebaseError (C:\Users\nishit_sardessai\AppData\Roaming\npm\node_modules\firebase-tools\lib\error.js:11:17)
    at Request._callback (C:\Users\nishit_sardessai\AppData\Roaming\npm\node_modules\firebase-tools\lib\api.js:34:23)
    at self.callback (C:\Users\nishit_sardessai\AppData\Roaming\npm\node_modules\firebase-tools\node_modules\request\request.js:186:22)
    at emitOne (events.js:116:13)
    at Request.emit (events.js:211:7)
    at Request.onRequestError (C:\Users\nishit_sardessai\AppData\Roaming\npm\node_modules\firebase-tools\node_modules\request\request.js:878:8)
    at emitOne (events.js:116:13)
    at ClientRequest.emit (events.js:211:7)
    at TLSSocket.socketErrorListener (_http_client.js:387:9)
    at emitOne (events.js:116:13)
